\BOOKMARK [1][-]{section.1}{Music Recommendation}{}% 1
\BOOKMARK [2][-]{subsection.1.1}{Music recommendation}{section.1}% 2
\BOOKMARK [2][-]{subsection.1.2}{Data description}{section.1}% 3
\BOOKMARK [2][-]{subsection.1.3}{Exploratory Data Analysis}{section.1}% 4
\BOOKMARK [2][-]{subsection.1.4}{Task 1}{section.1}% 5
\BOOKMARK [3][-]{subsubsection.1.4.1}{KNN}{subsection.1.4}% 6
\BOOKMARK [3][-]{subsubsection.1.4.2}{ALS}{subsection.1.4}% 7
\BOOKMARK [3][-]{subsubsection.1.4.3}{logALS}{subsection.1.4}% 8
\BOOKMARK [3][-]{subsubsection.1.4.4}{Kmeans}{subsection.1.4}% 9
\BOOKMARK [2][-]{subsection.1.5}{Task 2}{section.1}% 10
\BOOKMARK [3][-]{subsubsection.1.5.1}{Friendship information}{subsection.1.5}% 11
\BOOKMARK [2][-]{subsection.1.6}{Summary}{section.1}% 12
\BOOKMARK [1][-]{section.2}{People Detection}{}% 13
\BOOKMARK [2][-]{subsection.2.1}{Data description and visualization}{section.2}% 14
\BOOKMARK [2][-]{subsection.2.2}{Data preprocessing and used methods}{section.2}% 15
\BOOKMARK [2][-]{subsection.2.3}{Naive Bayes classifier}{section.2}% 16
\BOOKMARK [2][-]{subsection.2.4}{Logistic and Penalized Logistic Regression}{section.2}% 17
\BOOKMARK [2][-]{subsection.2.5}{Support Vector Machines}{section.2}% 18
\BOOKMARK [2][-]{subsection.2.6}{K-NN classifier}{section.2}% 19
\BOOKMARK [2][-]{subsection.2.7}{Neural Network}{section.2}% 20
\BOOKMARK [2][-]{subsection.2.8}{Convolutional Neural Network}{section.2}% 21
\BOOKMARK [2][-]{subsection.2.9}{Comparison}{section.2}% 22
